2025-02-27T14:03:18.318Z [INFO]: Server is running on port 3000
2025-02-27T14:04:50.353Z [INFO]: Server is running on port 3000
2025-02-27T14:04:52.244Z [INFO]: Bulk action created: 29f82967-60ed-4d50-afab-92ccdca07b4e
2025-02-27T14:04:58.594Z [INFO]: Bulk action created: 50c4a17a-4a8a-4068-8fde-331b1301d988
2025-02-27T14:05:43.691Z [INFO]: Initializing Redis connection for BullMQ...
2025-02-27T14:05:43.698Z [INFO]: Bulk Action Queue initialized.
2025-02-27T14:05:43.770Z [INFO]: Server is running on port 3000
2025-02-27T14:05:43.786Z [INFO]: Connected to Redis successfully.
2025-02-27T14:06:32.134Z [INFO]: Initializing Redis connection for BullMQ...
2025-02-27T14:06:32.142Z [INFO]: Bulk Action Queue initialized.
2025-02-27T14:06:32.214Z [INFO]: Server is running on port 3000
2025-02-27T14:06:32.229Z [INFO]: Connected to Redis successfully.
2025-02-27T14:06:41.613Z [INFO]: Initializing Redis connection for BullMQ...
2025-02-27T14:06:41.621Z [INFO]: Bulk Action Queue initialized.
2025-02-27T14:06:41.698Z [INFO]: Server is running on port 3000
2025-02-27T14:06:41.715Z [INFO]: Connected to Redis successfully.
2025-02-27T14:07:12.965Z [INFO]: Initializing Redis connection for BullMQ...
2025-02-27T14:07:12.972Z [INFO]: Bulk Action Queue initialized.
2025-02-27T14:07:13.036Z [INFO]: Starting Bulk Action Worker...
2025-02-27T14:07:13.038Z [INFO]: Bulk Action Worker is running...
2025-02-27T14:07:13.050Z [INFO]: Server is running on port 3000
2025-02-27T14:07:13.066Z [INFO]: Connected to Redis successfully.
